\set ECHO none
select * from pgq_set.add_member('aset', 'node1', 'dbname=node1', false);
 ret_code | ret_note 
----------+----------
      100 | Ok
(1 row)

select * from pgq_set.add_member('aset', 'node2', 'dbname=node2', false);
 ret_code | ret_note 
----------+----------
      100 | Ok
(1 row)

select * from pgq_set.add_member('aset', 'node3', 'dbname=node3', false);
 ret_code | ret_note 
----------+----------
      100 | Ok
(1 row)

select * from pgq_set.add_member('aset', 'node4', 'dbname=node4', false);
 ret_code | ret_note 
----------+----------
      100 | Ok
(1 row)

select * from pgq_set.get_member_info('aset');
 node_name | node_location | dead 
-----------+---------------+------
 node1     | dbname=node1  | f
 node2     | dbname=node2  | f
 node3     | dbname=node3  | f
 node4     | dbname=node4  | f
(4 rows)

select * from pgq_set.remove_member('aset', 'node4');
 ret_code | ret_note 
----------+----------
      200 | Ok
(1 row)

select * from pgq_set.get_member_info('aset');
 node_name | node_location | dead 
-----------+---------------+------
 node1     | dbname=node1  | f
 node2     | dbname=node2  | f
 node3     | dbname=node3  | f
(3 rows)

select * from pgq_set.create_node('aset', 'root', 'node1', null, null, null);
 ret_code |                     ret_note                      
----------+---------------------------------------------------
      200 | Node "node1" added to set "aset" with type "root"
(1 row)

select * from pgq_set.subscribe_node('aset', 'node2');
 ret_code | ret_note | global_watermark 
----------+----------+------------------
      200 | Ok       |                1
(1 row)

select * from pgq_set.subscribe_node('aset', 'node3', 1);
 ret_code | ret_note | global_watermark 
----------+----------+------------------
      200 | Ok       |                1
(1 row)

select * from pgq_set.unsubscribe_node('aset', 'node3');
 ret_code | ret_note 
----------+----------
      200 | Ok
(1 row)

select * from pgq_set.get_node_info('aset');
 ret_code | ret_note | node_type | node_name | queue_name | global_watermark | local_watermark | completed_tick | provider_node | provider_location | paused | resync | uptodate | combined_set | combined_type | combined_queue 
----------+----------+-----------+-----------+------------+------------------+-----------------+----------------+---------------+-------------------+--------+--------+----------+--------------+---------------+----------------
      100 | Ok       | root      | node1     | aset       |                1 |               1 |                |               |                   | f      | f      | f        |              |               | 
(1 row)

select * from pgq_set.is_root('q');
ERROR:  set does not exist: q
select * from pgq_set.is_root('aset');
 is_root 
---------
 t
(1 row)

select * from pgq_set.is_root(null);
ERROR:  set does not exist: <NULL>
select * from pgq_set.rename_node_step1('aset', 'node2', 'node2x');
 ret_code | ret_note 
----------+----------
      200 | Ok
(1 row)

select * from pgq_set.rename_node_step2('aset', 'node2', 'node2x');
 ret_code | ret_note 
----------+----------
      200 | Ok
(1 row)

